<?xml version="1.0" encoding="UTF-8"?>
<!-- Generated by org.testng.reporters.JUnitXMLReporter -->
<testsuite hostname="DESKTOP-R1R1INE" ignored="0" name="Test" tests="3" failures="1" timestamp="2020-12-28T16:33:13 EST" time="0.067" errors="0">
  <testcase name="doLogin" time="0.015" classname="ExtentReportFirst.TestCase2"/>
  <testcase name="doUserReg" time="0.004" classname="ExtentReportFirst.TestCase2">
    <failure type="java.lang.AssertionError" message="user reg test fail">
      <![CDATA[java.lang.AssertionError: user reg test fail
at ExtentReportFirst.TestCase2.doUserReg(TestCase2.java:20)
at java.util.ArrayList.forEach(Unknown Source)
... Removed 29 stack frames]]>
    </failure>
  </testcase> <!-- doUserReg -->
  <testcase name="isSkip" time="0.001" classname="ExtentReportFirst.TestCase2">
    <skipped/>
  </testcase> <!-- isSkip -->
</testsuite> <!-- Test -->
